[2026-06-30T13:59:59.146] [info] myLog - (msg: "processing object id 100 name(all) version(1.00). Do a bunch of stuff here.")
[2026-06-30T13:59:59.148] [info] myLog - (msg: "processing object id 102 name(top_one) version(1.00). Do a bunch of stuff here.")
[2026-06-30T13:59:59.149] [info] myLog - (msg: "processing object id 103 name(bottom_one) version(3.00). Do a bunch of stuff here.")
[2026-06-30T13:59:59.149] [info] myLog - (msg: "processing object id 105 name(status) version(5.00). Do a bunch of stuff here.")
[2026-06-30T13:59:59.151] [info] myLog - (msg: "processing object id 107 name(version) version(3.00). Do a bunch of stuff here.")
[2026-06-30T13:59:59.152] [info] myLog - (msg: "id = 100 name(all) version(1.00)")
[2026-06-30T13:59:59.153] [info] myLog - (msg: "id = 102 name(top_one) version(1.00)")
[2026-06-30T13:59:59.154] [info] myLog - (msg: "id = 103 name(bottom_one) version(3.00)")
[2026-06-30T13:59:59.154] [info] myLog - (msg: "id = 105 name(status) version(5.00)")
[2026-06-30T13:59:59.161] [info] myLog - (msg: "id = 107 name(version) version(3.00)")
[2026-06-30T13:59:59.164] [info] myLog - (msg: "test success: {msg: \"all objects processed with no errors\"}")
[2026-06-30T14:13:33.313] [info] myLog - (msg: "processing object id 100 name(all) version(1.00). Do a bunch of stuff here.")
[2026-06-30T14:13:33.315] [info] myLog - (msg: "processing object id 102 name(top_one) version(1.00). Do a bunch of stuff here.")
[2026-06-30T14:13:33.315] [info] myLog - (msg: "processing object id 103 name(bottom_one) version(3.00). Do a bunch of stuff here.")
[2026-06-30T14:13:33.316] [info] myLog - (msg: "processing object id 105 name(status) version(5.00). Do a bunch of stuff here.")
[2026-06-30T14:13:33.316] [info] myLog - (msg: "processing object id 107 name(version) version(3.00). Do a bunch of stuff here.")
[2026-06-30T14:13:33.316] [info] myLog - (msg: "id = 100 name(all) version(1.00)")
[2026-06-30T14:13:33.317] [info] myLog - (msg: "id = 102 name(top_one) version(1.00)")
[2026-06-30T14:13:33.317] [info] myLog - (msg: "id = 103 name(bottom_one) version(3.00)")
[2026-06-30T14:13:33.318] [info] myLog - (msg: "id = 105 name(status) version(5.00)")
[2026-06-30T14:13:33.319] [info] myLog - (msg: "id = 107 name(version) version(3.00)")
[2026-06-30T14:13:33.324] [info] myLog - (msg: "test success: {msg: \"all objects processed with no errors\"}")
